#
# A fatal error has been detected by the Java Runtime Environment:
#
#  EXCEPTION_ACCESS_VIOLATION (0xc0000005) at pc=0x000000006c878855, pid=7976, tid=604
#
# JRE version: Java(TM) SE Runtime Environment (8.0_65-b17) (build 1.8.0_65-b17)
# Java VM: Java HotSpot(TM) 64-Bit Server VM (25.65-b01 mixed mode windows-amd64 compressed oops)
# Problematic frame:
# V  [jvm.dll+0x128855]
#
# Failed to write core dump. Minidumps are not enabled by default on client versions of Windows
#
# If you would like to submit a bug report, please visit:
#   http://bugreport.java.com/bugreport/crash.jsp
#

---------------  T H R E A D  ---------------

Current thread (0x000000001cb8a800):  JavaThread "JDWP Transport Listener: dt_socket" daemon [_thread_in_vm, id=604, stack(0x000000001eaf0000,0x000000001ebf0000)]

siginfo: ExceptionCode=0xc0000005, reading address 0xffffffffffffffff

Registers:
RAX=0x000000001ebef101, RBX=0x000000001cb8a800, RCX=0x6c697542676e6972, RDX=0x0000000000000000
RSP=0x000000001ebef130, RBP=0x6c697542676e6972, RSI=0x000000001ebef248, RDI=0x0000000000e9d250
R8 =0x000000001cb8a800, R9 =0x0000000000008000, R10=0x0000000000000000, R11=0x000000001ebef444
R12=0x0000000000000000, R13=0x000000001e54a3e8, R14=0x0000000000000000, R15=0x0000000000000000
RIP=0x000000006c878855, EFLAGS=0x0000000000010206

Top of Stack: (sp=0x000000001ebef130)
0x000000001ebef130:   000000001cb8a800 000000001cb8a800
0x000000001ebef140:   000000001ebef1f8 000000006ca7e19b
0x000000001ebef150:   000000001cb8a800 000000006ca9a9fd
0x000000001ebef160:   0000000000000000 000000006b6f9155
0x000000001ebef170:   0000000020149570 000000006b70291e
0x000000001ebef180:   000000001cb8a800 0000000000000000
0x000000001ebef190:   0000000000000000 0000000000000000
0x000000001ebef1a0:   6c697542676e6972 000000006b701a15
0x000000001ebef1b0:   000000001ebef248 000000001ebef220
0x000000001ebef1c0:   0000000000000001 0000000020149570
0x000000001ebef1d0:   6c697542676e6972 000000006b6e53b3
0x000000001ebef1e0:   000000001ebef310 0000000000000001
0x000000001ebef1f0:   0000000000000001 0000000020149570
0x000000001ebef200:   000000000000000a 0000000000000000
0x000000001ebef210:   0000000000000000 0000000000000000
0x000000001ebef220:   0000000000000001 000000006b6e5571 

Instructions: (pc=0x000000006c878855)
0x000000006c878835:   cc cc cc cc cc cc cc cc cc cc cc 48 83 ec 28 48
0x000000006c878845:   85 c9 75 07 33 c0 48 83 c4 28 c3 48 89 5c 24 20
0x000000006c878855:   48 8b 19 48 85 db 74 20 48 83 fb 37 74 1a 48 8b
0x000000006c878865:   13 48 8b cb ff 52 10 84 c0 74 0d 48 8b c3 48 8b 


Register to memory mapping:

RAX=0x000000001ebef101 is pointing into the stack for thread: 0x000000001cb8a800
RBX=0x000000001cb8a800 is a thread
RCX=0x6c697542676e6972 is an unknown value
RDX=0x0000000000000000 is an unknown value
RSP=0x000000001ebef130 is pointing into the stack for thread: 0x000000001cb8a800
RBP=0x6c697542676e6972 is an unknown value
RSI=0x000000001ebef248 is pointing into the stack for thread: 0x000000001cb8a800
RDI=0x0000000000e9d250 is an unknown value
R8 =0x000000001cb8a800 is a thread
R9 =0x0000000000008000 is an unknown value
R10=0x0000000000000000 is an unknown value
R11=0x000000001ebef444 is pointing into the stack for thread: 0x000000001cb8a800
R12=0x0000000000000000 is an unknown value
R13=0x000000001e54a3e8 is an unknown value
R14=0x0000000000000000 is an unknown value
R15=0x0000000000000000 is an unknown value


Stack: [0x000000001eaf0000,0x000000001ebf0000],  sp=0x000000001ebef130,  free space=1020k
Native frames: (J=compiled Java code, j=interpreted, Vv=VM code, C=native code)
V  [jvm.dll+0x128855]
V  [jvm.dll+0x34a9fd]
C  [jdwp.dll+0x21a15]
C  [jdwp.dll+0x53b3]
C  [jdwp.dll+0x5571]
C  [jdwp.dll+0xf0a8]
C  [jdwp.dll+0x1f2d5]
C  [jdwp.dll+0x1f4aa]
V  [jvm.dll+0x1bb8f8]
V  [jvm.dll+0x243144]
V  [jvm.dll+0x299f7a]
C  [msvcr100.dll+0x21d9f]
C  [msvcr100.dll+0x21e3b]
C  [KERNEL32.DLL+0x17974]
C  [ntdll.dll+0x6a271]


---------------  P R O C E S S  ---------------

Java Threads: ( => current thread )
  0x000000001f8ab000 JavaThread "Keep-Alive-Timer" daemon [_thread_blocked, id=23464, stack(0x000000001fef0000,0x000000001fff0000)]
  0x000000001e789000 JavaThread "Service Thread" daemon [_thread_blocked, id=28568, stack(0x000000001f0f0000,0x000000001f1f0000)]
  0x000000001e790000 JavaThread "C1 CompilerThread2" daemon [_thread_blocked, id=15952, stack(0x000000001eff0000,0x000000001f0f0000)]
  0x000000001e768800 JavaThread "C2 CompilerThread1" daemon [_thread_blocked, id=27372, stack(0x000000001eef0000,0x000000001eff0000)]
  0x000000001e768000 JavaThread "C2 CompilerThread0" daemon [_thread_blocked, id=29668, stack(0x000000001edf0000,0x000000001eef0000)]
  0x000000001e54e800 JavaThread "JDWP Command Reader" daemon [_thread_in_native, id=28364, stack(0x000000001ecf0000,0x000000001edf0000)]
  0x000000001e54d800 JavaThread "JDWP Event Helper Thread" daemon [_thread_blocked, id=4356, stack(0x000000001ebf0000,0x000000001ecf0000)]
=>0x000000001cb8a800 JavaThread "JDWP Transport Listener: dt_socket" daemon [_thread_in_vm, id=604, stack(0x000000001eaf0000,0x000000001ebf0000)]
  0x000000001e4fa800 JavaThread "Attach Listener" daemon [_thread_blocked, id=3048, stack(0x000000001e9f0000,0x000000001eaf0000)]
  0x000000001e546800 JavaThread "Signal Dispatcher" daemon [_thread_blocked, id=29520, stack(0x000000001e8f0000,0x000000001e9f0000)]
  0x000000000332c800 JavaThread "Finalizer" daemon [_thread_blocked, id=30680, stack(0x000000001e3f0000,0x000000001e4f0000)]
  0x0000000003326000 JavaThread "Reference Handler" daemon [_thread_blocked, id=29864, stack(0x000000001e2f0000,0x000000001e3f0000)]
  0x0000000003235000 JavaThread "main" [_thread_blocked, id=23760, stack(0x0000000002f30000,0x0000000003030000)]

Other Threads:
  0x000000001cb37000 VMThread [stack: 0x000000001e1f0000,0x000000001e2f0000] [id=30264]
  0x000000001e78a000 WatcherThread [stack: 0x000000001f1f0000,0x000000001f2f0000] [id=19072]

VM state:not at safepoint (normal execution)

VM Mutex/Monitor currently owned by a thread: None

Heap:
 PSYoungGen      total 76288K, used 60392K [0x000000076b200000, 0x0000000770700000, 0x00000007c0000000)
  eden space 65536K, 92% used [0x000000076b200000,0x000000076ecfa330,0x000000076f200000)
  from space 10752K, 0% used [0x000000076fc80000,0x000000076fc80000,0x0000000770700000)
  to   space 10752K, 0% used [0x000000076f200000,0x000000076f200000,0x000000076fc80000)
 ParOldGen       total 175104K, used 0K [0x00000006c1600000, 0x00000006cc100000, 0x000000076b200000)
  object space 175104K, 0% used [0x00000006c1600000,0x00000006c1600000,0x00000006cc100000)
 Metaspace       used 14448K, capacity 14772K, committed 15104K, reserved 1062912K
  class space    used 1590K, capacity 1690K, committed 1792K, reserved 1048576K

Card table byte_map: [0x00000000126f0000,0x0000000012ef0000] byte_map_base: 0x000000000f0e5000

Marking Bits: (ParMarkBitMap*) 0x000000006cf5a5b0
 Begin Bits: [0x0000000013a40000, 0x00000000179e8000)
 End Bits:   [0x00000000179e8000, 0x000000001b990000)

Polling page: 0x00000000009f0000

CodeCache: size=245760Kb used=3354Kb max_used=3354Kb free=242405Kb
 bounds [0x0000000003330000, 0x0000000003680000, 0x0000000012330000]
 total_blobs=1173 nmethods=821 adapters=273
 compilation: enabled

Compilation events (10 events):
Event: 3.410 Thread 0x000000001e790000  818       3       com.alibaba.fastjson.parser.JSONLexerBase::resetStringPosition (6 bytes)
Event: 3.410 Thread 0x000000001e790000 nmethod 818 0x0000000003663150 code [0x00000000036632a0, 0x00000000036633f0]
Event: 3.410 Thread 0x000000001e790000  814       3       java.lang.AbstractStringBuilder::append (40 bytes)
Event: 3.410 Thread 0x000000001e790000 nmethod 814 0x0000000003675710 code [0x00000000036758a0, 0x0000000003675cb8]
Event: 6.207 Thread 0x000000001e790000  819       3       java.util.HashMap$HashIterator::nextNode (100 bytes)
Event: 6.208 Thread 0x000000001e790000 nmethod 819 0x0000000003675e10 code [0x0000000003675fc0, 0x00000000036764d8]
Event: 22.172 Thread 0x000000001e790000  820       3       java.util.regex.Pattern$BitClass::isSatisfiedBy (22 bytes)
Event: 22.172 Thread 0x000000001e790000 nmethod 820 0x0000000003676750 code [0x00000000036768c0, 0x0000000003676ad0]
Event: 22.173 Thread 0x000000001e790000  821       3       java.nio.Buffer::position (43 bytes)
Event: 22.173 Thread 0x000000001e790000 nmethod 821 0x0000000003677050 code [0x00000000036771c0, 0x00000000036774a8]

GC Heap History (0 events):
No events

Deoptimization events (3 events):
Event: 0.346 Thread 0x0000000003235000 Uncommon trap: reason=unstable_if action=reinterpret pc=0x00000000034e6844 method=sun.misc.MetaIndex.mayContain(Ljava/lang/String;)Z @ 38
Event: 3.226 Thread 0x0000000003235000 Uncommon trap: reason=unstable_if action=reinterpret pc=0x00000000035bcac4 method=java.util.HashMap.getNode(ILjava/lang/Object;)Ljava/util/HashMap$Node; @ 129
Event: 3.285 Thread 0x0000000003235000 Uncommon trap: reason=unstable_if action=reinterpret pc=0x00000000035d9fb8 method=java.util.HashMap.getNode(ILjava/lang/Object;)Ljava/util/HashMap$Node; @ 62

Internal exceptions (10 events):
Event: 3.206 Thread 0x0000000003235000 Exception <a 'java/lang/ArrayIndexOutOfBoundsException'> (0x000000076de1a598) thrown at [C:\workspace\8-2-build-windows-amd64-cygwin\jdk8u65\4987\hotspot\src\share\vm\runtime\sharedRuntime.cpp, line 605]
Event: 3.206 Thread 0x0000000003235000 Exception <a 'java/lang/ArrayIndexOutOfBoundsException'> (0x000000076de1b600) thrown at [C:\workspace\8-2-build-windows-amd64-cygwin\jdk8u65\4987\hotspot\src\share\vm\runtime\sharedRuntime.cpp, line 605]
Event: 3.206 Thread 0x0000000003235000 Exception <a 'java/lang/ArrayIndexOutOfBoundsException'> (0x000000076de1d120) thrown at [C:\workspace\8-2-build-windows-amd64-cygwin\jdk8u65\4987\hotspot\src\share\vm\runtime\sharedRuntime.cpp, line 605]
Event: 3.206 Thread 0x0000000003235000 Exception <a 'java/lang/ArrayIndexOutOfBoundsException'> (0x000000076de1ee50) thrown at [C:\workspace\8-2-build-windows-amd64-cygwin\jdk8u65\4987\hotspot\src\share\vm\runtime\sharedRuntime.cpp, line 605]
Event: 3.206 Thread 0x0000000003235000 Exception <a 'java/lang/ArrayIndexOutOfBoundsException'> (0x000000076de20548) thrown at [C:\workspace\8-2-build-windows-amd64-cygwin\jdk8u65\4987\hotspot\src\share\vm\runtime\sharedRuntime.cpp, line 605]
Event: 3.231 Thread 0x0000000003235000 Exception <a 'java/lang/ArrayIndexOutOfBoundsException'> (0x000000076e0a0740) thrown at [C:\workspace\8-2-build-windows-amd64-cygwin\jdk8u65\4987\hotspot\src\share\vm\runtime\sharedRuntime.cpp, line 605]
Event: 3.280 Thread 0x0000000003235000 Exception <a 'java/lang/ArrayIndexOutOfBoundsException'> (0x000000076e2ff080) thrown at [C:\workspace\8-2-build-windows-amd64-cygwin\jdk8u65\4987\hotspot\src\share\vm\runtime\sharedRuntime.cpp, line 605]
Event: 3.281 Thread 0x0000000003235000 Exception <a 'java/lang/ArrayIndexOutOfBoundsException'> (0x000000076e30a6e0) thrown at [C:\workspace\8-2-build-windows-amd64-cygwin\jdk8u65\4987\hotspot\src\share\vm\runtime\sharedRuntime.cpp, line 605]
Event: 3.287 Thread 0x0000000003235000 Exception <a 'java/lang/ArrayIndexOutOfBoundsException'> (0x000000076e349dd8) thrown at [C:\workspace\8-2-build-windows-amd64-cygwin\jdk8u65\4987\hotspot\src\share\vm\runtime\sharedRuntime.cpp, line 605]
Event: 3.287 Thread 0x0000000003235000 Exception <a 'java/lang/ArrayIndexOutOfBoundsException'> (0x000000076e34e298) thrown at [C:\workspace\8-2-build-windows-amd64-cygwin\jdk8u65\4987\hotspot\src\share\vm\runtime\sharedRuntime.cpp, line 605]

Events (10 events):
Event: 1221.183 Executing VM operation: ChangeBreakpoints
Event: 1221.183 Executing VM operation: ChangeBreakpoints done
Event: 1221.185 Executing VM operation: ChangeBreakpoints
Event: 1221.185 Executing VM operation: ChangeBreakpoints done
Event: 1238.341 Executing VM operation: ChangeBreakpoints
Event: 1238.341 Executing VM operation: ChangeBreakpoints done
Event: 1571.849 Executing VM operation: ChangeBreakpoints
Event: 1571.849 Executing VM operation: ChangeBreakpoints done
Event: 1571.852 Executing VM operation: RedefineClasses
Event: 1571.856 Executing VM operation: RedefineClasses done


Dynamic libraries:
0x00007ff7350d0000 - 0x00007ff735107000 	C:\Program Files\Java\jdk1.8.0_65\bin\java.exe
0x00007ffea4bb0000 - 0x00007ffea4d9d000 	C:\Windows\SYSTEM32\ntdll.dll
0x00007ffea2ab0000 - 0x00007ffea2b63000 	C:\Windows\System32\KERNEL32.DLL
0x00007ffea1b00000 - 0x00007ffea1d95000 	C:\Windows\System32\KERNELBASE.dll
0x00007ffea1e20000 - 0x00007ffea1ec3000 	C:\Windows\System32\ADVAPI32.dll
0x00007ffea48f0000 - 0x00007ffea498e000 	C:\Windows\System32\msvcrt.dll
0x00007ffea2330000 - 0x00007ffea23ce000 	C:\Windows\System32\sechost.dll
0x00007ffea2200000 - 0x00007ffea2322000 	C:\Windows\System32\RPCRT4.dll
0x00007ffea4750000 - 0x00007ffea48e7000 	C:\Windows\System32\USER32.dll
0x00007ffea18b0000 - 0x00007ffea18d0000 	C:\Windows\System32\win32u.dll
0x00007ffea1df0000 - 0x00007ffea1e19000 	C:\Windows\System32\GDI32.dll
0x00007ffea1660000 - 0x00007ffea17f9000 	C:\Windows\System32\gdi32full.dll
0x00007ffea0c70000 - 0x00007ffea0d10000 	C:\Windows\System32\msvcp_win.dll
0x00007ffea18d0000 - 0x00007ffea19ca000 	C:\Windows\System32\ucrtbase.dll
0x00007ffe95bb0000 - 0x00007ffe95e29000 	C:\Windows\WinSxS\amd64_microsoft.windows.common-controls_6595b64144ccf1df_6.0.17763.1217_none_de6e4304534e0ad3\COMCTL32.dll
0x00007ffea1ed0000 - 0x00007ffea21fc000 	C:\Windows\System32\combase.dll
0x00007ffea19d0000 - 0x00007ffea1a4e000 	C:\Windows\System32\bcryptPrimitives.dll
0x00007ffea2a80000 - 0x00007ffea2aae000 	C:\Windows\System32\IMM32.DLL
0x000000006cfe0000 - 0x000000006d0b2000 	C:\Program Files\Java\jdk1.8.0_65\jre\bin\msvcr100.dll
0x000000006c750000 - 0x000000006cfd9000 	C:\Program Files\Java\jdk1.8.0_65\jre\bin\server\jvm.dll
0x00007ffea1de0000 - 0x00007ffea1de8000 	C:\Windows\System32\PSAPI.DLL
0x00007ffe9e8d0000 - 0x00007ffe9e8f4000 	C:\Windows\SYSTEM32\WINMM.dll
0x00007ffe924c0000 - 0x00007ffe924c9000 	C:\Windows\SYSTEM32\WSOCK32.dll
0x00007ffea4990000 - 0x00007ffea49fd000 	C:\Windows\System32\WS2_32.dll
0x00007ffe9e7b0000 - 0x00007ffe9e7dd000 	C:\Windows\SYSTEM32\WINMMBASE.dll
0x00007ffe9a8c0000 - 0x00007ffe9a8ca000 	C:\Windows\SYSTEM32\VERSION.dll
0x00007ffea1800000 - 0x00007ffea184a000 	C:\Windows\System32\cfgmgr32.dll
0x000000006c740000 - 0x000000006c74f000 	C:\Program Files\Java\jdk1.8.0_65\jre\bin\verify.dll
0x000000006c710000 - 0x000000006c739000 	C:\Program Files\Java\jdk1.8.0_65\jre\bin\java.dll
0x000000006b6e0000 - 0x000000006b715000 	C:\Program Files\Java\jdk1.8.0_65\jre\bin\jdwp.dll
0x000000006c630000 - 0x000000006c638000 	C:\Program Files\Java\jdk1.8.0_65\jre\bin\npt.dll
0x000000006c680000 - 0x000000006c6a3000 	C:\Program Files\Java\jdk1.8.0_65\jre\bin\instrument.dll
0x000000006c6f0000 - 0x000000006c706000 	C:\Program Files\Java\jdk1.8.0_65\jre\bin\zip.dll
0x00007ffea3120000 - 0x00007ffea4614000 	C:\Windows\System32\SHELL32.dll
0x00007ffea23d0000 - 0x00007ffea2478000 	C:\Windows\System32\shcore.dll
0x00007ffea0f10000 - 0x00007ffea165e000 	C:\Windows\System32\windows.storage.dll
0x00007ffea0ba0000 - 0x00007ffea0bc4000 	C:\Windows\System32\profapi.dll
0x00007ffea0c10000 - 0x00007ffea0c6d000 	C:\Windows\System32\powrprof.dll
0x00007ffea30c0000 - 0x00007ffea3112000 	C:\Windows\System32\shlwapi.dll
0x00007ffea0bf0000 - 0x00007ffea0c01000 	C:\Windows\System32\kernel.appcore.dll
0x00007ffea0d10000 - 0x00007ffea0d27000 	C:\Windows\System32\cryptsp.dll
0x000000006b6d0000 - 0x000000006b6d9000 	C:\Program Files\Java\jdk1.8.0_65\jre\bin\dt_socket.dll
0x00007ffea03e0000 - 0x00007ffea0447000 	C:\Windows\system32\mswsock.dll
0x000000006c6d0000 - 0x000000006c6ea000 	C:\Program Files\Java\jdk1.8.0_65\jre\bin\net.dll
0x00007ffe91a80000 - 0x00007ffe91c6d000 	C:\Windows\SYSTEM32\dbghelp.dll

VM Arguments:
jvm_args: -agentlib:jdwp=transport=dt_socket,address=127.0.0.1:14257,suspend=y,server=n -javaagent:C:\Users\Beilife\.IntelliJIdea2018.2\system\captureAgent\debugger-agent.jar=file:/C:/Users/Beilife/AppData/Local/Temp/capture.props -Dfile.encoding=UTF-8 
java_command: com.sharpnew.HelloApplication
java_class_path (initial): C:\Program Files\Java\jdk1.8.0_65\jre\lib\charsets.jar;C:\Program Files\Java\jdk1.8.0_65\jre\lib\deploy.jar;C:\Program Files\Java\jdk1.8.0_65\jre\lib\ext\access-bridge-64.jar;C:\Program Files\Java\jdk1.8.0_65\jre\lib\ext\cldrdata.jar;C:\Program Files\Java\jdk1.8.0_65\jre\lib\ext\dnsns.jar;C:\Program Files\Java\jdk1.8.0_65\jre\lib\ext\jaccess.jar;C:\Program Files\Java\jdk1.8.0_65\jre\lib\ext\jfxrt.jar;C:\Program Files\Java\jdk1.8.0_65\jre\lib\ext\localedata.jar;C:\Program Files\Java\jdk1.8.0_65\jre\lib\ext\nashorn.jar;C:\Program Files\Java\jdk1.8.0_65\jre\lib\ext\sunec.jar;C:\Program Files\Java\jdk1.8.0_65\jre\lib\ext\sunjce_provider.jar;C:\Program Files\Java\jdk1.8.0_65\jre\lib\ext\sunmscapi.jar;C:\Program Files\Java\jdk1.8.0_65\jre\lib\ext\sunpkcs11.jar;C:\Program Files\Java\jdk1.8.0_65\jre\lib\ext\zipfs.jar;C:\Program Files\Java\jdk1.8.0_65\jre\lib\javaws.jar;C:\Program Files\Java\jdk1.8.0_65\jre\lib\jce.jar;C:\Program Files\Java\jdk1.8.0_65\jre\lib\jfr.jar;C:\Program Files\Java\jdk1.8.0_65\jre\lib\jfxswt.jar;C:\Program Files\Java\jdk1.8.0_65\jre\lib\jsse.jar;C:\Program Files\Java\jdk1.8.0_65\jre\lib\management-agent.jar;C:\Program Files\Java\jdk1.8.0_65\jre\lib\plugin.jar;C:\Program Files\Java\jdk1.8.0_65\jre\lib\resources.jar;C:\Program Files\Java\jdk1.8.0_65\jre\lib\rt.jar;D:\demo\java\demobase\hellodemo\target\classes;D:\MavenRepository\Repository\org\springframework\boot\spring-boot-starter-web\2.1.3.RELEASE\spring-boot-starter-web-2.1.3.RELEASE.jar;D:\MavenRepository\Repository\org\springframework\boot\spring-boot-starter\2.1.3.RELEASE\spring-boot-starter-2.1.3.RELEASE.jar;D:\MavenRepository\Repository\org\springframework\boot\spring-boot\2.1.3.RELEASE\spring-boot-2.1.3.RELEASE.jar;D:\MavenRepository\Repository\org\springframework\boot\spring-boot-autoconfigure\2.1.3.RELEASE\spring-boot-autoconfigure-2.1.3.RELEASE.jar;D:\MavenRepository\Repository\org\springframework\boot\spring-boot-starter-logging\2.1.3.RELEASE\spring-boot-star
Launcher Type: SUN_STANDARD

Environment Variables:
JAVA_HOME=C:\Program Files\Java\jdk1.8.0_65
CLASSPATH=.;C:\Program Files\Java\jdk1.8.0_65\lib\dt.jar;C:\Program Files\Java\jdk1.8.0_65\lib\tools.jar;E:\powerDesignerWorkspace\jarFile\mysql-connector-java-5.1.47.jar;
PATH=D:\Program Files (x86)\NetSarang\Xftp 6\;D:\Program Files (x86)\NetSarang\Xshell 6\;D:\java dev\mysql-5.7.24-winx64\bin;D:\java dev\apache-maven-3.3.9\bin;C:\Program Files\Java\jdk1.8.0_65\bin;C:\Program Files\Java\jdk1.8.0_65\jre\bin;C:\ProgramData\Oracle\Java\javapath;C:\Windows\system32;C:\Windows;C:\Windows\System32\Wbem;C:\Windows\System32\WindowsPowerShell\v1.0\;C:\Windows\System32\OpenSSH\;C:\Program Files (x86)\Intel\Intel(R) Management Engine Components\DAL;C:\Program Files\Intel\Intel(R) Management Engine Components\DAL;D:\java dev\Git\cmd;D:\Program Files\nodejs\;C:\Program Files (x86)\Microsoft SQL Server\Client SDK\ODBC\130\Tools\Binn\;C:\Program Files (x86)\Microsoft SQL Server\140\Tools\Binn\;C:\Program Files (x86)\Microsoft SQL Server\140\DTS\Binn\;C:\Program Files (x86)\Microsoft SQL Server\140\Tools\Binn\ManagementStudio\;C:\Program Files (x86)\Microsoft SQL Server\100\Tools\Binn\;C:\Program Files\Microsoft SQL Server\100\Tools\Binn\;C:\Program Files\Microsoft SQL Server\100\DTS\Binn\;C:\Program Files (x86)\Microsoft SQL Server\100\Tools\Binn\VSShell\Common7\IDE\;C:\Program Files (x86)\Microsoft Visual Studio 9.0\Common7\IDE\PrivateAssemblies\;C:\Program Files (x86)\Microsoft SQL Server\100\DTS\Binn\;C:\Program Files (x86)\Windows Kits\8.1\Windows Performance Toolkit\;C:\Program Files\MySQL\MySQL Shell 8.0\bin\;C:\Users\Beilife\AppData\Local\Microsoft\WindowsApps;C:\Users\Beilife\AppData\Roaming\npm;D:\Program Files\Microsoft VS Code\bin
USERNAME=Charles
OS=Windows_NT
PROCESSOR_IDENTIFIER=Intel64 Family 6 Model 158 Stepping 10, GenuineIntel



---------------  S Y S T E M  ---------------

OS: Windows 10.0 , 64 bit Build 17763 (10.0.17763.1158)

CPU:total 6 (6 cores per cpu, 1 threads per core) family 6 model 158 stepping 10, cmov, cx8, fxsr, mmx, sse, sse2, sse3, ssse3, sse4.1, sse4.2, popcnt, avx, avx2, aes, clmul, erms, 3dnowpref, lzcnt, tsc, tscinvbit, bmi1, bmi2, adx

Memory: 4k page, physical 16686992k(5127492k free), swap 37658512k(10530980k free)

vm_info: Java HotSpot(TM) 64-Bit Server VM (25.65-b01) for windows-amd64 JRE (1.8.0_65-b17), built on Oct  6 2015 16:39:20 by "java_re" with MS VC++ 10.0 (VS2010)

time: Tue May 19 15:23:48 2020
elapsed time: 1571 seconds (0d 0h 26m 11s)

