#
# A fatal error has been detected by the Java Runtime Environment:
#
#  EXCEPTION_ACCESS_VIOLATION (0xc0000005) at pc=0x000000006c878855, pid=8332, tid=8860
#
# JRE version: Java(TM) SE Runtime Environment (8.0_65-b17) (build 1.8.0_65-b17)
# Java VM: Java HotSpot(TM) 64-Bit Server VM (25.65-b01 mixed mode windows-amd64 compressed oops)
# Problematic frame:
# V  [jvm.dll+0x128855]
#
# Failed to write core dump. Minidumps are not enabled by default on client versions of Windows
#
# If you would like to submit a bug report, please visit:
#   http://bugreport.java.com/bugreport/crash.jsp
#

---------------  T H R E A D  ---------------

Current thread (0x000000001c5f8000):  JavaThread "JDWP Transport Listener: dt_socket" daemon [_thread_in_vm, id=8860, stack(0x000000001e580000,0x000000001e680000)]

siginfo: ExceptionCode=0xc0000005, reading address 0xffffffffffffffff

Registers:
RAX=0x000000001e67f501, RBX=0x000000001c5f8000, RCX=0x7261006e6f697461, RDX=0x0000000000000000
RSP=0x000000001e67f550, RBP=0x7261006e6f697461, RSI=0x000000001e67f668, RDI=0x000000000285d250
R8 =0x000000001c5f8000, R9 =0x0000000000008000, R10=0x0000000000000000, R11=0x000000001e67f864
R12=0x0000000000000000, R13=0x000000001c5feb18, R14=0x0000000000000000, R15=0x0000000000000000
RIP=0x000000006c878855, EFLAGS=0x0000000000010202

Top of Stack: (sp=0x000000001e67f550)
0x000000001e67f550:   000000001c5f8000 000000001c5f8000
0x000000001e67f560:   000000001e67f618 000000006ca7e19b
0x000000001e67f570:   000000001c5f8000 000000006ca9a9fd
0x000000001e67f580:   0000000000000000 000000006b6f9155
0x000000001e67f590:   000000001f18ced8 000000006b70291e
0x000000001e67f5a0:   000000001c5f8000 0000000000000000
0x000000001e67f5b0:   0000000000000000 0000000000000000
0x000000001e67f5c0:   7261006e6f697461 000000006b701a15
0x000000001e67f5d0:   000000001e67f668 000000001e67f640
0x000000001e67f5e0:   0000000000000001 000000001f18ced8
0x000000001e67f5f0:   7261006e6f697461 000000006b6e53b3
0x000000001e67f600:   000000001e67f730 0000000000000001
0x000000001e67f610:   0000000000000001 000000001f18ced8
0x000000001e67f620:   000000000000000a 0000000000000000
0x000000001e67f630:   0000000000000000 0000000000000000
0x000000001e67f640:   0000000000000001 000000006b6e5571 

Instructions: (pc=0x000000006c878855)
0x000000006c878835:   cc cc cc cc cc cc cc cc cc cc cc 48 83 ec 28 48
0x000000006c878845:   85 c9 75 07 33 c0 48 83 c4 28 c3 48 89 5c 24 20
0x000000006c878855:   48 8b 19 48 85 db 74 20 48 83 fb 37 74 1a 48 8b
0x000000006c878865:   13 48 8b cb ff 52 10 84 c0 74 0d 48 8b c3 48 8b 


Register to memory mapping:

RAX=0x000000001e67f501 is pointing into the stack for thread: 0x000000001c5f8000
RBX=0x000000001c5f8000 is a thread
RCX=0x7261006e6f697461 is an unknown value
RDX=0x0000000000000000 is an unknown value
RSP=0x000000001e67f550 is pointing into the stack for thread: 0x000000001c5f8000
RBP=0x7261006e6f697461 is an unknown value
RSI=0x000000001e67f668 is pointing into the stack for thread: 0x000000001c5f8000
RDI=0x000000000285d250 is an unknown value
R8 =0x000000001c5f8000 is a thread
R9 =0x0000000000008000 is an unknown value
R10=0x0000000000000000 is an unknown value
R11=0x000000001e67f864 is pointing into the stack for thread: 0x000000001c5f8000
R12=0x0000000000000000 is an unknown value
R13=0x000000001c5feb18 is an unknown value
R14=0x0000000000000000 is an unknown value
R15=0x0000000000000000 is an unknown value


Stack: [0x000000001e580000,0x000000001e680000],  sp=0x000000001e67f550,  free space=1021k
Native frames: (J=compiled Java code, j=interpreted, Vv=VM code, C=native code)
V  [jvm.dll+0x128855]
V  [jvm.dll+0x34a9fd]
C  [jdwp.dll+0x21a15]
C  [jdwp.dll+0x53b3]
C  [jdwp.dll+0x5571]
C  [jdwp.dll+0xf0a8]
C  [jdwp.dll+0x1f2d5]
C  [jdwp.dll+0x1f4aa]
V  [jvm.dll+0x1bb8f8]
V  [jvm.dll+0x243144]
V  [jvm.dll+0x299f7a]
C  [msvcr100.dll+0x21d9f]
C  [msvcr100.dll+0x21e3b]
C  [KERNEL32.DLL+0x17974]
C  [ntdll.dll+0x6a271]


---------------  P R O C E S S  ---------------

Java Threads: ( => current thread )
  0x000000001f31b000 JavaThread "Keep-Alive-Timer" daemon [_thread_in_Java, id=27396, stack(0x000000001fa30000,0x000000001fb30000)]
  0x000000001e2b5800 JavaThread "Service Thread" daemon [_thread_blocked, id=28920, stack(0x000000001eb80000,0x000000001ec80000)]
  0x000000001e220800 JavaThread "C1 CompilerThread2" daemon [_thread_blocked, id=12244, stack(0x000000001ea80000,0x000000001eb80000)]
  0x000000001e219800 JavaThread "C2 CompilerThread1" daemon [_thread_blocked, id=28188, stack(0x000000001e980000,0x000000001ea80000)]
  0x000000001e215000 JavaThread "C2 CompilerThread0" daemon [_thread_blocked, id=27392, stack(0x000000001e880000,0x000000001e980000)]
  0x000000001dfdc800 JavaThread "JDWP Command Reader" daemon [_thread_in_native, id=11660, stack(0x000000001e780000,0x000000001e880000)]
  0x000000001dfdb000 JavaThread "JDWP Event Helper Thread" daemon [_thread_blocked, id=28700, stack(0x000000001e680000,0x000000001e780000)]
=>0x000000001c5f8000 JavaThread "JDWP Transport Listener: dt_socket" daemon [_thread_in_vm, id=8860, stack(0x000000001e580000,0x000000001e680000)]
  0x000000001df88800 JavaThread "Attach Listener" daemon [_thread_blocked, id=24020, stack(0x000000001e480000,0x000000001e580000)]
  0x000000001dfd6800 JavaThread "Signal Dispatcher" daemon [_thread_blocked, id=26452, stack(0x000000001e380000,0x000000001e480000)]
  0x0000000002ccb000 JavaThread "Finalizer" daemon [_thread_blocked, id=28036, stack(0x000000001de80000,0x000000001df80000)]
  0x0000000002cc4000 JavaThread "Reference Handler" daemon [_thread_blocked, id=9896, stack(0x000000001dd80000,0x000000001de80000)]
  0x0000000002bd5000 JavaThread "main" [_thread_blocked, id=16892, stack(0x0000000000e50000,0x0000000000f50000)]

Other Threads:
  0x000000001c5a7800 VMThread [stack: 0x000000001dc80000,0x000000001dd80000] [id=13804]
  0x000000001e33e800 WatcherThread [stack: 0x000000001ec80000,0x000000001ed80000] [id=24872]

VM state:not at safepoint (normal execution)

VM Mutex/Monitor currently owned by a thread: None

Heap:
 PSYoungGen      total 76288K, used 51165K [0x000000076b200000, 0x0000000770700000, 0x00000007c0000000)
  eden space 65536K, 78% used [0x000000076b200000,0x000000076e3f75e8,0x000000076f200000)
  from space 10752K, 0% used [0x000000076fc80000,0x000000076fc80000,0x0000000770700000)
  to   space 10752K, 0% used [0x000000076f200000,0x000000076f200000,0x000000076fc80000)
 ParOldGen       total 175104K, used 0K [0x00000006c1600000, 0x00000006cc100000, 0x000000076b200000)
  object space 175104K, 0% used [0x00000006c1600000,0x00000006c1600000,0x00000006cc100000)
 Metaspace       used 12978K, capacity 13332K, committed 13440K, reserved 1060864K
  class space    used 1483K, capacity 1594K, committed 1664K, reserved 1048576K

Card table byte_map: [0x0000000012160000,0x0000000012960000] byte_map_base: 0x000000000eb55000

Marking Bits: (ParMarkBitMap*) 0x000000006cf5a5b0
 Begin Bits: [0x00000000134b0000, 0x0000000017458000)
 End Bits:   [0x0000000017458000, 0x000000001b400000)

Polling page: 0x00000000005e0000

CodeCache: size=245760Kb used=3081Kb max_used=3099Kb free=242678Kb
 bounds [0x0000000002da0000, 0x00000000030b0000, 0x0000000011da0000]
 total_blobs=1087 nmethods=749 adapters=259
 compilation: enabled

Compilation events (10 events):
Event: 2.605 Thread 0x000000001e220800  744       3       com.fasterxml.jackson.core.sym.ByteQuadsCanonicalizer::_calcOffset (13 bytes)
Event: 2.605 Thread 0x000000001e220800 nmethod 744 0x000000000309b0d0 code [0x000000000309b220, 0x000000000309b370]
Event: 2.607 Thread 0x000000001e220800  746       3       java.util.concurrent.ConcurrentHashMap::addCount (292 bytes)
Event: 2.607 Thread 0x000000001e219800  747  s    4       sun.misc.URLClassPath::getNextLoader (88 bytes)
Event: 2.607 Thread 0x000000001e220800 nmethod 746 0x000000000309b410 code [0x000000000309b620, 0x000000000309c208]
Event: 2.607 Thread 0x000000001e220800  748  s!   2       sun.misc.URLClassPath::getLoader (197 bytes)
Event: 2.608 Thread 0x000000001e220800 nmethod 748 0x000000000309c650 code [0x000000000309c920, 0x000000000309e028]
Event: 2.630 Thread 0x000000001e219800 nmethod 747 0x00000000030a3dd0 code [0x00000000030a4040, 0x00000000030a5db0]
Event: 33.804 Thread 0x000000001e220800  749       1       java.util.HashMap$Node::getKey (5 bytes)
Event: 33.805 Thread 0x000000001e220800 nmethod 749 0x00000000030a3b10 code [0x00000000030a3c60, 0x00000000030a3d70]

GC Heap History (0 events):
No events

Deoptimization events (3 events):
Event: 0.309 Thread 0x0000000002bd5000 Uncommon trap: reason=unstable_if action=reinterpret pc=0x0000000002f4e904 method=sun.misc.MetaIndex.mayContain(Ljava/lang/String;)Z @ 38
Event: 2.595 Thread 0x0000000002bd5000 Uncommon trap: reason=unstable_if action=reinterpret pc=0x000000000304a478 method=java.util.HashMap.getNode(ILjava/lang/Object;)Ljava/util/HashMap$Node; @ 62
Event: 2.595 Thread 0x0000000002bd5000 Uncommon trap: reason=unstable_if action=reinterpret pc=0x0000000003025a68 method=java.util.HashMap.getNode(ILjava/lang/Object;)Ljava/util/HashMap$Node; @ 62

Internal exceptions (10 events):
Event: 2.536 Thread 0x0000000002bd5000 Exception <a 'java/lang/ArrayIndexOutOfBoundsException'> (0x000000076ddefc90) thrown at [C:\workspace\8-2-build-windows-amd64-cygwin\jdk8u65\4987\hotspot\src\share\vm\runtime\sharedRuntime.cpp, line 605]
Event: 2.536 Thread 0x0000000002bd5000 Exception <a 'java/lang/ArrayIndexOutOfBoundsException'> (0x000000076ddf0cf8) thrown at [C:\workspace\8-2-build-windows-amd64-cygwin\jdk8u65\4987\hotspot\src\share\vm\runtime\sharedRuntime.cpp, line 605]
Event: 2.536 Thread 0x0000000002bd5000 Exception <a 'java/lang/ArrayIndexOutOfBoundsException'> (0x000000076ddf1960) thrown at [C:\workspace\8-2-build-windows-amd64-cygwin\jdk8u65\4987\hotspot\src\share\vm\runtime\sharedRuntime.cpp, line 605]
Event: 2.536 Thread 0x0000000002bd5000 Exception <a 'java/lang/ArrayIndexOutOfBoundsException'> (0x000000076ddf29c8) thrown at [C:\workspace\8-2-build-windows-amd64-cygwin\jdk8u65\4987\hotspot\src\share\vm\runtime\sharedRuntime.cpp, line 605]
Event: 2.536 Thread 0x0000000002bd5000 Exception <a 'java/lang/ArrayIndexOutOfBoundsException'> (0x000000076ddf44e8) thrown at [C:\workspace\8-2-build-windows-amd64-cygwin\jdk8u65\4987\hotspot\src\share\vm\runtime\sharedRuntime.cpp, line 605]
Event: 2.536 Thread 0x0000000002bd5000 Exception <a 'java/lang/ArrayIndexOutOfBoundsException'> (0x000000076ddfce88) thrown at [C:\workspace\8-2-build-windows-amd64-cygwin\jdk8u65\4987\hotspot\src\share\vm\runtime\sharedRuntime.cpp, line 605]
Event: 2.543 Thread 0x0000000002bd5000 Exception <a 'java/lang/ArrayIndexOutOfBoundsException'> (0x000000076de9a1d8) thrown at [C:\workspace\8-2-build-windows-amd64-cygwin\jdk8u65\4987\hotspot\src\share\vm\runtime\sharedRuntime.cpp, line 605]
Event: 2.591 Thread 0x0000000002bd5000 Exception <a 'java/lang/ArrayIndexOutOfBoundsException'> (0x000000076e0f3800) thrown at [C:\workspace\8-2-build-windows-amd64-cygwin\jdk8u65\4987\hotspot\src\share\vm\runtime\sharedRuntime.cpp, line 605]
Event: 2.592 Thread 0x0000000002bd5000 Exception <a 'java/lang/ArrayIndexOutOfBoundsException'> (0x000000076e0ff840) thrown at [C:\workspace\8-2-build-windows-amd64-cygwin\jdk8u65\4987\hotspot\src\share\vm\runtime\sharedRuntime.cpp, line 605]
Event: 2.598 Thread 0x0000000002bd5000 Exception <a 'java/lang/ArrayIndexOutOfBoundsException'> (0x000000076e13f018) thrown at [C:\workspace\8-2-build-windows-amd64-cygwin\jdk8u65\4987\hotspot\src\share\vm\runtime\sharedRuntime.cpp, line 605]

Events (10 events):
Event: 1929.764 Executing VM operation: ChangeBreakpoints
Event: 1929.764 Executing VM operation: ChangeBreakpoints done
Event: 1929.781 Executing VM operation: ChangeBreakpoints
Event: 1929.781 Executing VM operation: ChangeBreakpoints done
Event: 1946.939 Executing VM operation: ChangeBreakpoints
Event: 1946.939 Executing VM operation: ChangeBreakpoints done
Event: 2280.336 Executing VM operation: ChangeBreakpoints
Event: 2280.336 Executing VM operation: ChangeBreakpoints done
Event: 2280.339 Executing VM operation: RedefineClasses
Event: 2280.342 Executing VM operation: RedefineClasses done


Dynamic libraries:
0x00007ff7350d0000 - 0x00007ff735107000 	C:\Program Files\Java\jdk1.8.0_65\bin\java.exe
0x00007ffea4bb0000 - 0x00007ffea4d9d000 	C:\Windows\SYSTEM32\ntdll.dll
0x00007ffea2ab0000 - 0x00007ffea2b63000 	C:\Windows\System32\KERNEL32.DLL
0x00007ffea1b00000 - 0x00007ffea1d95000 	C:\Windows\System32\KERNELBASE.dll
0x00007ffea1e20000 - 0x00007ffea1ec3000 	C:\Windows\System32\ADVAPI32.dll
0x00007ffea48f0000 - 0x00007ffea498e000 	C:\Windows\System32\msvcrt.dll
0x00007ffea2330000 - 0x00007ffea23ce000 	C:\Windows\System32\sechost.dll
0x00007ffea2200000 - 0x00007ffea2322000 	C:\Windows\System32\RPCRT4.dll
0x00007ffea4750000 - 0x00007ffea48e7000 	C:\Windows\System32\USER32.dll
0x00007ffea18b0000 - 0x00007ffea18d0000 	C:\Windows\System32\win32u.dll
0x00007ffea1df0000 - 0x00007ffea1e19000 	C:\Windows\System32\GDI32.dll
0x00007ffea1660000 - 0x00007ffea17f9000 	C:\Windows\System32\gdi32full.dll
0x00007ffea0c70000 - 0x00007ffea0d10000 	C:\Windows\System32\msvcp_win.dll
0x00007ffea18d0000 - 0x00007ffea19ca000 	C:\Windows\System32\ucrtbase.dll
0x00007ffe95bb0000 - 0x00007ffe95e29000 	C:\Windows\WinSxS\amd64_microsoft.windows.common-controls_6595b64144ccf1df_6.0.17763.1217_none_de6e4304534e0ad3\COMCTL32.dll
0x00007ffea1ed0000 - 0x00007ffea21fc000 	C:\Windows\System32\combase.dll
0x00007ffea19d0000 - 0x00007ffea1a4e000 	C:\Windows\System32\bcryptPrimitives.dll
0x00007ffea2a80000 - 0x00007ffea2aae000 	C:\Windows\System32\IMM32.DLL
0x000000006cfe0000 - 0x000000006d0b2000 	C:\Program Files\Java\jdk1.8.0_65\jre\bin\msvcr100.dll
0x000000006c750000 - 0x000000006cfd9000 	C:\Program Files\Java\jdk1.8.0_65\jre\bin\server\jvm.dll
0x00007ffea1de0000 - 0x00007ffea1de8000 	C:\Windows\System32\PSAPI.DLL
0x00007ffe9e8d0000 - 0x00007ffe9e8f4000 	C:\Windows\SYSTEM32\WINMM.dll
0x00007ffe924c0000 - 0x00007ffe924c9000 	C:\Windows\SYSTEM32\WSOCK32.dll
0x00007ffea4990000 - 0x00007ffea49fd000 	C:\Windows\System32\WS2_32.dll
0x00007ffe9a8c0000 - 0x00007ffe9a8ca000 	C:\Windows\SYSTEM32\VERSION.dll
0x00007ffe9e7b0000 - 0x00007ffe9e7dd000 	C:\Windows\SYSTEM32\winmmbase.dll
0x00007ffea1800000 - 0x00007ffea184a000 	C:\Windows\System32\cfgmgr32.dll
0x000000006c740000 - 0x000000006c74f000 	C:\Program Files\Java\jdk1.8.0_65\jre\bin\verify.dll
0x000000006c710000 - 0x000000006c739000 	C:\Program Files\Java\jdk1.8.0_65\jre\bin\java.dll
0x000000006b6e0000 - 0x000000006b715000 	C:\Program Files\Java\jdk1.8.0_65\jre\bin\jdwp.dll
0x000000006c630000 - 0x000000006c638000 	C:\Program Files\Java\jdk1.8.0_65\jre\bin\npt.dll
0x000000006c680000 - 0x000000006c6a3000 	C:\Program Files\Java\jdk1.8.0_65\jre\bin\instrument.dll
0x000000006c6f0000 - 0x000000006c706000 	C:\Program Files\Java\jdk1.8.0_65\jre\bin\zip.dll
0x00007ffea3120000 - 0x00007ffea4614000 	C:\Windows\System32\SHELL32.dll
0x00007ffea23d0000 - 0x00007ffea2478000 	C:\Windows\System32\shcore.dll
0x00007ffea0f10000 - 0x00007ffea165e000 	C:\Windows\System32\windows.storage.dll
0x00007ffea0ba0000 - 0x00007ffea0bc4000 	C:\Windows\System32\profapi.dll
0x00007ffea0c10000 - 0x00007ffea0c6d000 	C:\Windows\System32\powrprof.dll
0x00007ffea30c0000 - 0x00007ffea3112000 	C:\Windows\System32\shlwapi.dll
0x00007ffea0bf0000 - 0x00007ffea0c01000 	C:\Windows\System32\kernel.appcore.dll
0x00007ffea0d10000 - 0x00007ffea0d27000 	C:\Windows\System32\cryptsp.dll
0x000000006b6d0000 - 0x000000006b6d9000 	C:\Program Files\Java\jdk1.8.0_65\jre\bin\dt_socket.dll
0x00007ffea03e0000 - 0x00007ffea0447000 	C:\Windows\system32\mswsock.dll
0x000000006c6d0000 - 0x000000006c6ea000 	C:\Program Files\Java\jdk1.8.0_65\jre\bin\net.dll
0x00007ffe91a80000 - 0x00007ffe91c6d000 	C:\Windows\SYSTEM32\dbghelp.dll

VM Arguments:
jvm_args: -agentlib:jdwp=transport=dt_socket,address=127.0.0.1:13548,suspend=y,server=n -javaagent:C:\Users\Beilife\.IntelliJIdea2018.2\system\captureAgent\debugger-agent.jar=file:/C:/Users/Beilife/AppData/Local/Temp/capture.props -Dfile.encoding=UTF-8 
java_command: com.sharpnew.HelloApplication
java_class_path (initial): C:\Program Files\Java\jdk1.8.0_65\jre\lib\charsets.jar;C:\Program Files\Java\jdk1.8.0_65\jre\lib\deploy.jar;C:\Program Files\Java\jdk1.8.0_65\jre\lib\ext\access-bridge-64.jar;C:\Program Files\Java\jdk1.8.0_65\jre\lib\ext\cldrdata.jar;C:\Program Files\Java\jdk1.8.0_65\jre\lib\ext\dnsns.jar;C:\Program Files\Java\jdk1.8.0_65\jre\lib\ext\jaccess.jar;C:\Program Files\Java\jdk1.8.0_65\jre\lib\ext\jfxrt.jar;C:\Program Files\Java\jdk1.8.0_65\jre\lib\ext\localedata.jar;C:\Program Files\Java\jdk1.8.0_65\jre\lib\ext\nashorn.jar;C:\Program Files\Java\jdk1.8.0_65\jre\lib\ext\sunec.jar;C:\Program Files\Java\jdk1.8.0_65\jre\lib\ext\sunjce_provider.jar;C:\Program Files\Java\jdk1.8.0_65\jre\lib\ext\sunmscapi.jar;C:\Program Files\Java\jdk1.8.0_65\jre\lib\ext\sunpkcs11.jar;C:\Program Files\Java\jdk1.8.0_65\jre\lib\ext\zipfs.jar;C:\Program Files\Java\jdk1.8.0_65\jre\lib\javaws.jar;C:\Program Files\Java\jdk1.8.0_65\jre\lib\jce.jar;C:\Program Files\Java\jdk1.8.0_65\jre\lib\jfr.jar;C:\Program Files\Java\jdk1.8.0_65\jre\lib\jfxswt.jar;C:\Program Files\Java\jdk1.8.0_65\jre\lib\jsse.jar;C:\Program Files\Java\jdk1.8.0_65\jre\lib\management-agent.jar;C:\Program Files\Java\jdk1.8.0_65\jre\lib\plugin.jar;C:\Program Files\Java\jdk1.8.0_65\jre\lib\resources.jar;C:\Program Files\Java\jdk1.8.0_65\jre\lib\rt.jar;D:\demo\java\demobase\hellodemo\target\classes;D:\MavenRepository\Repository\org\springframework\boot\spring-boot-starter-web\2.1.3.RELEASE\spring-boot-starter-web-2.1.3.RELEASE.jar;D:\MavenRepository\Repository\org\springframework\boot\spring-boot-starter\2.1.3.RELEASE\spring-boot-starter-2.1.3.RELEASE.jar;D:\MavenRepository\Repository\org\springframework\boot\spring-boot\2.1.3.RELEASE\spring-boot-2.1.3.RELEASE.jar;D:\MavenRepository\Repository\org\springframework\boot\spring-boot-autoconfigure\2.1.3.RELEASE\spring-boot-autoconfigure-2.1.3.RELEASE.jar;D:\MavenRepository\Repository\org\springframework\boot\spring-boot-starter-logging\2.1.3.RELEASE\spring-boot-star
Launcher Type: SUN_STANDARD

Environment Variables:
JAVA_HOME=C:\Program Files\Java\jdk1.8.0_65
CLASSPATH=.;C:\Program Files\Java\jdk1.8.0_65\lib\dt.jar;C:\Program Files\Java\jdk1.8.0_65\lib\tools.jar;E:\powerDesignerWorkspace\jarFile\mysql-connector-java-5.1.47.jar;
PATH=D:\Program Files (x86)\NetSarang\Xftp 6\;D:\Program Files (x86)\NetSarang\Xshell 6\;D:\java dev\mysql-5.7.24-winx64\bin;D:\java dev\apache-maven-3.3.9\bin;C:\Program Files\Java\jdk1.8.0_65\bin;C:\Program Files\Java\jdk1.8.0_65\jre\bin;C:\ProgramData\Oracle\Java\javapath;C:\Windows\system32;C:\Windows;C:\Windows\System32\Wbem;C:\Windows\System32\WindowsPowerShell\v1.0\;C:\Windows\System32\OpenSSH\;C:\Program Files (x86)\Intel\Intel(R) Management Engine Components\DAL;C:\Program Files\Intel\Intel(R) Management Engine Components\DAL;D:\java dev\Git\cmd;D:\Program Files\nodejs\;C:\Program Files (x86)\Microsoft SQL Server\Client SDK\ODBC\130\Tools\Binn\;C:\Program Files (x86)\Microsoft SQL Server\140\Tools\Binn\;C:\Program Files (x86)\Microsoft SQL Server\140\DTS\Binn\;C:\Program Files (x86)\Microsoft SQL Server\140\Tools\Binn\ManagementStudio\;C:\Program Files (x86)\Microsoft SQL Server\100\Tools\Binn\;C:\Program Files\Microsoft SQL Server\100\Tools\Binn\;C:\Program Files\Microsoft SQL Server\100\DTS\Binn\;C:\Program Files (x86)\Microsoft SQL Server\100\Tools\Binn\VSShell\Common7\IDE\;C:\Program Files (x86)\Microsoft Visual Studio 9.0\Common7\IDE\PrivateAssemblies\;C:\Program Files (x86)\Microsoft SQL Server\100\DTS\Binn\;C:\Program Files (x86)\Windows Kits\8.1\Windows Performance Toolkit\;C:\Program Files\MySQL\MySQL Shell 8.0\bin\;C:\Users\Beilife\AppData\Local\Microsoft\WindowsApps;C:\Users\Beilife\AppData\Roaming\npm;D:\Program Files\Microsoft VS Code\bin
USERNAME=Charles
OS=Windows_NT
PROCESSOR_IDENTIFIER=Intel64 Family 6 Model 158 Stepping 10, GenuineIntel



---------------  S Y S T E M  ---------------

OS: Windows 10.0 , 64 bit Build 17763 (10.0.17763.1158)

CPU:total 6 (6 cores per cpu, 1 threads per core) family 6 model 158 stepping 10, cmov, cx8, fxsr, mmx, sse, sse2, sse3, ssse3, sse4.1, sse4.2, popcnt, avx, avx2, aes, clmul, erms, 3dnowpref, lzcnt, tsc, tscinvbit, bmi1, bmi2, adx

Memory: 4k page, physical 16686992k(5101684k free), swap 37658512k(10063088k free)

vm_info: Java HotSpot(TM) 64-Bit Server VM (25.65-b01) for windows-amd64 JRE (1.8.0_65-b17), built on Oct  6 2015 16:39:20 by "java_re" with MS VC++ 10.0 (VS2010)

time: Tue May 19 15:23:48 2020
elapsed time: 2280 seconds (0d 0h 38m 0s)

